-------------------------------------------------------------------------------
Test set: com.spring.java.example.springjpah2example.SpringJpaH2ExampleApplicationTests
-------------------------------------------------------------------------------
Tests run: 1, Failures: 0, Errors: 1, Skipped: 0, Time elapsed: 0.327 s <<< FAILURE! - in com.spring.java.example.springjpah2example.SpringJpaH2ExampleApplicationTests
initializationError(com.spring.java.example.springjpah2example.SpringJpaH2ExampleApplicationTests)  Time elapsed: 0.004 s  <<< ERROR!
java.lang.IllegalStateException: Unable to find a @SpringBootConfiguration, you need to use @ContextConfiguration or @SpringBootTest(classes=...) with your test

